2026-06-04 15:24:04,038 [INFO] 解析完了: 0件 / 86ブロック
2026-06-04 15:24:04,039 [WARNING] 商品が検出されませんでした
2026-06-04 15:25:38,225 [INFO] 解析完了: 0件 / 86ブロック
2026-06-04 15:25:38,226 [WARNING] 商品が検出されませんでした
2026-06-04 15:27:38,425 [INFO] 解析完了: 42件 / 86ブロック
2026-06-04 15:27:38,425 [INFO] 対象商品: 42件
2026-06-04 15:27:38,680 [INFO] ラクマ Selenium 起動中...
2026-06-04 15:27:38,681 [INFO] ====== WebDriver manager ======
2026-06-04 15:27:39,735 [INFO] Get LATEST chromedriver version for google-chrome
2026-06-04 15:27:40,026 [INFO] Get LATEST chromedriver version for google-chrome
2026-06-04 15:27:40,291 [INFO] Driver [C:\Users\郁弥\.wdm\drivers\chromedriver\win64\147.0.7727.117\chromedriver-win32/chromedriver.exe] found in cache
2026-06-04 15:27:41,433 [INFO] ラクマ Selenium 起動完了
2026-06-04 15:27:41,433 [INFO] [1/42] PS2 2/PS 2 戦闘国家・改 LEGEND
2026-06-04 15:28:24,598 [INFO]   売値予測:750円 信頼度:低 安全入札:315円 ROI:47.6%
2026-06-04 15:28:26,099 [INFO] [2/42] PS2 2/PS 2 スペースチャンネル5 パート2
2026-06-04 15:28:41,035 [INFO]   売値予測:4,400円 信頼度:低 安全入札:3,090円 ROI:21.4%
2026-06-04 15:28:42,536 [INFO] [3/42] ゲームボーイ/GB ポケモン ポケットモンスター 赤
2026-06-04 15:28:53,604 [INFO]   売値予測:1,380円 信頼度:中 安全入札:825円 ROI:25.1%
2026-06-04 15:28:55,105 [INFO] [4/42] PS2 テイルズ オブ デスティニー ディレクターカット プレミアム ボックス
2026-06-04 15:29:05,842 [INFO]   売値予測:2,000円 信頼度:中 安全入札:1,290円 ROI:23.3%
2026-06-04 15:29:07,343 [INFO] [5/42] スーパーファミコン/スーファミ/SFC 実況ワールドサッカー2 ファイティングイレブン
2026-06-04 15:29:18,505 [INFO]   売値予測:450円 信頼度:中 安全入札:45円 ROI:333.3%
2026-06-04 15:29:20,006 [INFO] [6/42] PS2 2/PS 2 ゴッドファーザー
2026-06-04 15:29:30,884 [INFO]   売値予測:700円 信頼度:中 安全入札:270円 ROI:55.6%
2026-06-04 15:29:32,385 [INFO] [7/42] PS2 2/PS 2 頭文字D Best
2026-06-04 15:29:43,455 [INFO]   売値予測:1,980円 信頼度:中 安全入札:1,275円 ROI:23.3%
2026-06-04 15:29:44,955 [INFO] [8/42] ゲームボーイ/GB マサカリ伝説 金太郎RPG編
2026-06-04 15:29:55,159 [INFO]   売値予測:800円 信頼度:低 安全入札:360円 ROI:41.7%
2026-06-04 15:29:56,659 [INFO] [9/42] PS2 2/PS 2 サクラ大戦 〜熱き血潮に〜
2026-06-04 15:30:07,921 [INFO]   売値予測:1,380円 信頼度:中 安全入札:825円 ROI:25.1%
2026-06-04 15:30:09,422 [INFO] [10/42] スーパーファミコン/スーファミ/SFC らんま1/2 町内激闘篇
2026-06-04 15:30:20,595 [INFO]   売値予測:2,000円 信頼度:低 安全入札:1,290円 ROI:23.3%
2026-06-04 15:30:22,096 [INFO] [11/42] ゲームボーイ/GB カービィのピンボール
2026-06-04 15:30:33,393 [INFO]   売値予測:1,198円 信頼度:低 安全入札:690円 ROI:25.9%
2026-06-04 15:30:34,894 [INFO] [12/42] PS2 2/PS 2 ユーディーのアトリエ 〜グラムナートの錬金術士〜
2026-06-04 15:30:45,673 [INFO]   売値予測:698円 信頼度:中 安全入札:269円 ROI:55.8%
2026-06-04 15:30:47,174 [INFO] [13/42] 【未開封】 フワモコ FUWAMOCO100万人記念 FUWAMOCO忠誠の誓い誓約書 同
2026-06-04 15:30:58,023 [INFO]   売値予測:2,800円 信頼度:低 安全入札:1,890円 ROI:22.2%
2026-06-04 15:30:59,524 [INFO] [14/42] PS2 2/PS 2 ファイヤープロレスリングZ
2026-06-04 15:31:10,591 [INFO]   売値予測:880円 信頼度:低 安全入札:432円 ROI:34.7%
2026-06-04 15:31:12,092 [INFO] [15/42] ゲームボーイ/GB ポケモン ポケットモンスター ピカチュウ
2026-06-04 15:31:22,580 [INFO]   売値予測:7,350円 信頼度:中 安全入札:5,303円 ROI:20.8%
2026-06-04 15:31:24,081 [INFO] [16/42] PS2 2/PS 2 グラディウスIII＆IV～復活の神話～
2026-06-04 15:31:35,137 [INFO]   売値予測:2,400円 信頼度:低 安全入札:1,590円 ROI:22.6%
2026-06-04 15:31:36,638 [INFO] [17/42] PS2 2/PS 2 片神名〜喪われた因果律〜
2026-06-04 15:31:47,656 [INFO]   売値予測:650円 信頼度:中 安全入札:225円 ROI:66.7%
2026-06-04 15:31:49,157 [INFO] [18/42] スーパーファミコン/スーファミ/SFC ドラゴンクエストV 天空の花嫁
2026-06-04 15:32:00,150 [INFO]   売値予測:2,000円 信頼度:中 安全入札:1,290円 ROI:23.3%
2026-06-04 15:32:01,651 [INFO] [19/42] ゲームボーイ/GB パイプドリーム
2026-06-04 15:32:12,773 [INFO]   売値予測:950円 信頼度:中 安全入札:495円 ROI:30.3%
2026-06-04 15:32:14,274 [INFO] [20/42] 【未開封】 博衣こより 新衣装記念2025 こよのカトラリーセット
2026-06-04 15:32:24,750 [INFO]   売値予測:1,726円 信頼度:低 安全入札:1,086円 ROI:23.8%
2026-06-04 15:32:26,251 [INFO] [21/42] ゲームボーイ/GB ウルトラマン
2026-06-04 15:32:36,596 [INFO]   売値予測:1,000円 信頼度:低 安全入札:540円 ROI:27.8%
2026-06-04 15:32:38,098 [INFO] [22/42] スーパーファミコン/スーファミ/SFC スーパーボンバーマン ぱにっくボンバーW
2026-06-04 15:32:49,159 [INFO]   売値予測:4,000円 信頼度:中 安全入札:2,790円 ROI:21.5%
2026-06-04 15:32:50,660 [INFO] [23/42] ゲームボーイ/GB ゴルフ
2026-06-04 15:33:02,818 [INFO]   売値予測:850円 信頼度:中 安全入札:405円 ROI:37.0%
2026-06-04 15:33:04,319 [INFO] [24/42] スーパーファミコン/スーファミ/SFC 大爆笑!!人生劇場 〜ずっこけサラリーマン編〜
2026-06-04 15:33:15,410 [INFO]   売値予測:973円 信頼度:低 安全入札:516円 ROI:29.1%
2026-06-04 15:33:16,911 [INFO] [25/42] スーパーファミコン/スーファミ/SFC スーパーテトリス2+ボンブリス
2026-06-04 15:33:27,230 [INFO]   売値予測:2,999円 信頼度:低 安全入札:2,041円 ROI:22.0%
2026-06-04 15:33:28,730 [INFO] [26/42] PS2 2/PS 2 信長の野望・嵐世記 with パワーアップキット
2026-06-04 15:33:39,410 [INFO]   売値予測:1,000円 信頼度:中 安全入札:540円 ROI:27.8%
2026-06-04 15:33:40,910 [INFO] [27/42] PS2 ドラゴンクエストキャラクターズ トルネコの大冒険3不思議のダンジョン
2026-06-04 15:33:52,101 [INFO]   売値予測:1,765円 信頼度:中 安全入札:1,115円 ROI:23.7%
2026-06-04 15:33:53,602 [INFO] [28/42] スーパーファミコン/スーファミ/SFC らんま1/2 超技乱舞篇
2026-06-04 15:34:04,320 [INFO]   売値予測:2,308円 信頼度:中 安全入札:1,522円 ROI:22.7%
2026-06-04 15:34:05,821 [INFO] [29/42] スーパーファミコン/スーファミ/SFC らんま1/2 爆烈乱闘篇
2026-06-04 15:34:16,325 [INFO]   売値予測:690円 信頼度:中 安全入札:261円 ROI:57.5%
2026-06-04 15:34:17,826 [INFO] [30/42] PS2 2/PS 2 サクラ大戦3 〜巴里は燃えているか〜
2026-06-04 15:34:28,795 [INFO]   売値予測:1,000円 信頼度:中 安全入札:540円 ROI:27.8%
2026-06-04 15:34:30,296 [INFO] [31/42] ゲームボーイ/GB ポケモン ポケットモンスター 緑
2026-06-04 15:34:41,410 [INFO]   売値予測:1,400円 信頼度:低 安全入札:840円 ROI:25.0%
2026-06-04 15:34:42,911 [INFO] [32/42] スーパーファミコン/スーファミ/SFC 卒業番外編 ねぇ麻雀しよ！
2026-06-04 15:34:53,816 [INFO]   売値予測:2,999円 信頼度:中 安全入札:2,041円 ROI:22.0%
2026-06-04 15:34:55,317 [INFO] [33/42] ゲームボーイ/GB ゲームで発見!! たまごっち2
2026-06-04 15:35:05,904 [INFO]   売値予測:1,000円 信頼度:低 安全入札:540円 ROI:27.8%
2026-06-04 15:35:07,405 [INFO] [34/42] PS2 2/PS 2 エウレカセブン TR1:NEW WAVE
2026-06-04 15:35:18,342 [INFO]   売値予測:1,800円 信頼度:中 安全入札:1,140円 ROI:23.7%
2026-06-04 15:35:19,843 [INFO] [35/42] プレイステーション 2/プレステ 2 ドラッグオンドラグーン DRAG ON DRAGOO
2026-06-04 15:35:30,826 [INFO]   売値予測:2,000円 信頼度:低 安全入札:1,290円 ROI:23.3%
2026-06-04 15:35:32,327 [INFO] [36/42] PS2 ドラゴンクエスト 少年ヤンガスと不思議のダンジョン
2026-06-04 15:35:43,586 [INFO]   売値予測:1,890円 信頼度:中 安全入札:1,208円 ROI:23.4%
2026-06-04 15:35:45,087 [INFO] [37/42] PS2 2/PS 2 サクラ大戦V 〜さらば愛しき人よ〜
2026-06-04 15:35:56,124 [INFO]   売値予測:2,900円 信頼度:中 安全入札:1,965円 ROI:22.1%
2026-06-04 15:35:57,624 [INFO] [38/42] スーパーファミコン/スーファミ/SFC ダウン・ザ・ワールド
2026-06-04 15:36:07,582 [INFO]   売値予測:1,700円 信頼度:中 安全入札:1,065円 ROI:23.9%
2026-06-04 15:36:09,083 [INFO] [39/42] ゲームボーイ/GB リトルマスター2 雷光の騎士
2026-06-04 15:36:19,981 [INFO]   売値予測:950円 信頼度:中 安全入札:495円 ROI:30.3%
2026-06-04 15:36:21,482 [INFO] [40/42] ゲームボーイ/GB マスターカラテカ
2026-06-04 15:36:32,395 [INFO]   売値予測:800円 信頼度:低 安全入札:360円 ROI:41.7%
2026-06-04 15:36:33,896 [INFO] [41/42] PS2 2/PS 2 湾岸ミッドナイト
2026-06-04 15:36:44,583 [INFO]   売値予測:4,800円 信頼度:低 安全入札:3,390円 ROI:21.2%
2026-06-04 15:36:46,084 [INFO] [42/42] 【おまとめ】 Free/あんさんぶるスターズ/文豪ストレイドッグス/テニスの王子様/プロセ  ⚠️まとめ商品
2026-06-04 15:36:56,837 [INFO]   売値予測:2,666円 信頼度:低 安全入札:1,791円 ROI:22.3%
2026-06-04 15:37:00,781 [INFO] ラクマ Selenium 終了
2026-06-04 15:37:00,783 [INFO] CSV出力: result.csv (42件)
2026-06-04 15:37:00,783 [INFO] 
=== 完了: 42件処理 / 入札候補: 37件 ===
2026-06-04 15:37:00,783 [INFO]   スーパーファミコン/スーファミ/SFC らんま1/2 爆烈乱 安全入札:   261円 ROI:  57.5% 信頼度:中
2026-06-04 15:37:00,784 [INFO]   PS2 2/PS 2 ユーディーのアトリエ 〜グラムナートの 安全入札:   269円 ROI:  55.8% 信頼度:中
2026-06-04 15:37:00,784 [INFO]   PS2 2/PS 2 ゴッドファーザー            安全入札:   270円 ROI:  55.6% 信頼度:中
2026-06-04 15:37:00,784 [INFO]   PS2 2/PS 2 戦闘国家・改 LEGEND       安全入札:   315円 ROI:  47.6% 信頼度:低
2026-06-04 15:37:00,784 [INFO]   ゲームボーイ/GB マスターカラテカ             安全入札:   360円 ROI:  41.7% 信頼度:低
2026-06-04 15:37:00,784 [INFO]   ゲームボーイ/GB ゴルフ                  安全入札:   405円 ROI:  37.0% 信頼度:中
2026-06-04 15:37:00,784 [INFO]   PS2 2/PS 2 ファイヤープロレスリングZ       安全入札:   432円 ROI:  34.7% 信頼度:低
2026-06-04 15:37:00,784 [INFO]   ゲームボーイ/GB パイプドリーム              安全入札:   495円 ROI:  30.3% 信頼度:中
2026-06-04 15:37:00,784 [INFO]   ゲームボーイ/GB リトルマスター2 雷光の騎士       安全入札:   495円 ROI:  30.3% 信頼度:中
2026-06-04 15:37:00,785 [INFO]   スーパーファミコン/スーファミ/SFC 大爆笑!!人生劇場  安全入札:   516円 ROI:  29.1% 信頼度:低
2026-06-04 16:09:45,739 [INFO] 解析完了: 42件 / 86ブロック
2026-06-04 16:09:45,739 [INFO] 対象商品: 42件
2026-06-04 16:09:45,995 [INFO] ラクマ Selenium 起動中...
2026-06-04 16:09:45,995 [INFO] ====== WebDriver manager ======
2026-06-04 16:09:47,094 [INFO] Get LATEST chromedriver version for google-chrome
2026-06-04 16:09:47,370 [INFO] Get LATEST chromedriver version for google-chrome
2026-06-04 16:09:47,624 [INFO] Driver [C:\Users\郁弥\.wdm\drivers\chromedriver\win64\147.0.7727.117\chromedriver-win32/chromedriver.exe] found in cache
2026-06-04 16:09:48,757 [INFO] ラクマ Selenium 起動完了
2026-06-04 16:09:48,758 [INFO] [1/42] PS2 戦闘国家・改 LEGEND
2026-06-04 16:10:26,932 [INFO]   売値予測:450円 信頼度:低 安全入札:45円 ROI:333.3%
2026-06-04 16:10:28,433 [INFO] [2/42] PS2 スペースチャンネル5 パート2
2026-06-04 16:10:43,474 [INFO]   売値予測:5,000円 信頼度:中 安全入札:3,540円 ROI:21.2%
2026-06-04 16:10:44,975 [INFO] [3/42] ゲームボーイ ポケモン ポケットモンスター 赤
2026-06-04 16:10:55,799 [INFO]   売値予測:4,600円 信頼度:中 安全入札:3,240円 ROI:21.3%
2026-06-04 16:10:57,300 [INFO] [4/42] PS2 テイルズ オブ デスティニー ディレクターカット プレミアム ボックス
2026-06-04 16:11:08,083 [INFO]   売値予測:2,000円 信頼度:中 安全入札:1,290円 ROI:23.3%
2026-06-04 16:11:09,583 [INFO] [5/42] スーパーファミコン 実況ワールドサッカー2 ファイティングイレブン
2026-06-04 16:11:20,578 [INFO]   売値予測:800円 信頼度:中 安全入札:360円 ROI:41.7%
2026-06-04 16:11:22,078 [INFO] [6/42] PS2 ゴッドファーザー
2026-06-04 16:11:32,435 [INFO]   売値予測:600円 信頼度:中 安全入札:180円 ROI:83.3%
2026-06-04 16:11:33,936 [INFO] [7/42] PS2 頭文字D Best
2026-06-04 16:11:44,509 [INFO]   売値予測:1,980円 信頼度:中 安全入札:1,275円 ROI:23.3%
2026-06-04 16:11:46,010 [INFO] [8/42] ゲームボーイ マサカリ伝説 金太郎RPG編
2026-06-04 16:11:57,050 [INFO]   売値予測:1,160円 信頼度:低 安全入札:660円 ROI:26.4%
2026-06-04 16:11:58,550 [INFO] [9/42] PS2 サクラ大戦 〜熱き血潮に〜
2026-06-04 16:12:08,787 [INFO]   売値予測:1,380円 信頼度:中 安全入札:825円 ROI:25.1%
2026-06-04 16:12:10,288 [INFO] [10/42] スーパーファミコン らんま1/2 町内激闘篇
2026-06-04 16:12:20,668 [INFO]   売値予測:690円 信頼度:中 安全入札:261円 ROI:57.5%
2026-06-04 16:12:22,170 [INFO] [11/42] ゲームボーイ カービィのピンボール
2026-06-04 16:12:33,174 [INFO]   売値予測:1,300円 信頼度:低 安全入札:765円 ROI:25.5%
2026-06-04 16:12:34,675 [INFO] [12/42] PS2 ユーディーのアトリエ 〜グラムナートの錬金術士〜
2026-06-04 16:12:45,556 [INFO]   売値予測:1,294円 信頼度:中 安全入札:761円 ROI:25.5%
2026-06-04 16:12:47,057 [INFO] [13/42] 【未開封】 フワモコ FUWAMOCO100万人記念 FUWAMOCO忠誠の誓い誓約書 同
2026-06-04 16:12:57,316 [INFO]   売値予測:2,800円 信頼度:低 安全入札:1,890円 ROI:22.2%
2026-06-04 16:12:58,816 [INFO] [14/42] PS2 ファイヤープロレスリングZ
2026-06-04 16:13:09,326 [INFO]   売値予測:1,000円 信頼度:中 安全入札:540円 ROI:27.8%
2026-06-04 16:13:10,827 [INFO] [15/42] ゲームボーイ ポケモン ポケットモンスター ピカチュウ
2026-06-04 16:13:21,158 [INFO]   売値予測:2,499円 信頼度:低 安全入札:1,666円 ROI:22.4%
2026-06-04 16:13:22,658 [INFO] [16/42] PS2 グラディウスIII＆IV～復活の神話～
2026-06-04 16:13:33,356 [INFO]   売値予測:2,400円 信頼度:低 安全入札:1,590円 ROI:22.6%
2026-06-04 16:13:34,857 [INFO] [17/42] PS2 片神名〜喪われた因果律〜
2026-06-04 16:13:46,415 [INFO]   売値予測:650円 信頼度:低 安全入札:225円 ROI:66.7%
2026-06-04 16:13:47,916 [INFO] [18/42] スーパーファミコン ドラゴンクエストV 天空の花嫁
2026-06-04 16:13:59,604 [INFO]   売値予測:1,000円 信頼度:中 安全入札:540円 ROI:27.8%
2026-06-04 16:14:01,105 [INFO] [19/42] ゲームボーイ パイプドリーム
2026-06-04 16:14:12,009 [INFO]   売値予測:1,380円 信頼度:中 安全入札:825円 ROI:25.1%
2026-06-04 16:14:13,510 [INFO] [20/42] 【未開封】 博衣こより 新衣装記念2025 こよのカトラリーセット
2026-06-04 16:14:23,712 [INFO]   売値予測:1,726円 信頼度:低 安全入札:1,086円 ROI:23.8%
2026-06-04 16:14:25,213 [INFO] [21/42] ゲームボーイ ウルトラマン
2026-06-04 16:14:36,188 [INFO]   売値予測:2,500円 信頼度:中 安全入札:1,665円 ROI:22.5%
2026-06-04 16:14:37,689 [INFO] [22/42] スーパーファミコン スーパーボンバーマン ぱにっくボンバーW
2026-06-04 16:14:49,001 [INFO]   売値予測:800円 信頼度:中 安全入札:360円 ROI:41.7%
2026-06-04 16:14:50,502 [INFO] [23/42] ゲームボーイ ゴルフ
2026-06-04 16:15:01,150 [INFO]   売値予測:1,780円 信頼度:低 安全入札:1,125円 ROI:23.7%
2026-06-04 16:15:02,651 [INFO] [24/42] スーパーファミコン 大爆笑!!人生劇場 〜ずっこけサラリーマン編〜
2026-06-04 16:15:13,890 [INFO]   売値予測:1,030円 信頼度:低 安全入札:563円 ROI:27.4%
2026-06-04 16:15:15,390 [INFO] [25/42] スーパーファミコン スーパーテトリス2+ボンブリス
2026-06-04 16:15:26,158 [INFO]   売値予測:1,800円 信頼度:中 安全入札:1,140円 ROI:23.7%
2026-06-04 16:15:27,658 [INFO] [26/42] PS2 信長の野望・嵐世記 with パワーアップキット
2026-06-04 16:15:38,797 [INFO]   売値予測:600円 信頼度:低 安全入札:180円 ROI:83.3%
2026-06-04 16:15:40,297 [INFO] [27/42] PS2 ドラゴンクエストキャラクターズ トルネコの大冒険3不思議のダンジョン
2026-06-04 16:15:50,544 [INFO]   売値予測:1,765円 信頼度:中 安全入札:1,115円 ROI:23.7%
2026-06-04 16:15:52,045 [INFO] [28/42] スーパーファミコン らんま1/2 超技乱舞篇
2026-06-04 16:16:03,027 [INFO]   売値予測:690円 信頼度:中 安全入札:261円 ROI:57.5%
2026-06-04 16:16:04,528 [INFO] [29/42] スーパーファミコン らんま1/2 爆烈乱闘篇
2026-06-04 16:16:15,318 [INFO]   売値予測:690円 信頼度:中 安全入札:261円 ROI:57.5%
2026-06-04 16:16:16,819 [INFO] [30/42] PS2 サクラ大戦3 〜巴里は燃えているか〜
2026-06-04 16:16:27,625 [INFO]   売値予測:2,500円 信頼度:中 安全入札:1,665円 ROI:22.5%
2026-06-04 16:16:29,125 [INFO] [31/42] ゲームボーイ ポケモン ポケットモンスター 緑
2026-06-04 16:16:39,494 [INFO]   売値予測:3,480円 信頼度:中 安全入札:2,400円 ROI:21.8%
2026-06-04 16:16:40,995 [INFO] [32/42] スーパーファミコン 卒業番外編 ねぇ麻雀しよ！
2026-06-04 16:16:51,121 [INFO]   売値予測:2,999円 信頼度:中 安全入札:2,041円 ROI:22.0%
2026-06-04 16:16:52,621 [INFO] [33/42] ゲームボーイ ゲームで発見!! たまごっち2
2026-06-04 16:17:03,623 [INFO]   売値予測:1,500円 信頼度:低 安全入札:915円 ROI:24.6%
2026-06-04 16:17:05,124 [INFO] [34/42] PS2 エウレカセブン TR1:NEW WAVE
2026-06-04 16:17:15,684 [INFO]   売値予測:2,524円 信頼度:中 安全入札:1,684円 ROI:22.4%
2026-06-04 16:17:17,184 [INFO] [35/42] プレイステーション 2/プレステ 2 ドラッグオンドラグーン DRAG ON DRAGOO
2026-06-04 16:17:27,513 [INFO]   売値予測:2,000円 信頼度:低 安全入札:1,290円 ROI:23.3%
2026-06-04 16:17:29,013 [INFO] [36/42] PS2 ドラゴンクエスト 少年ヤンガスと不思議のダンジョン
2026-06-04 16:17:39,499 [INFO]   売値予測:1,890円 信頼度:中 安全入札:1,208円 ROI:23.4%
2026-06-04 16:17:41,000 [INFO] [37/42] PS2 サクラ大戦V 〜さらば愛しき人よ〜
2026-06-04 16:17:51,519 [INFO]   売値予測:2,900円 信頼度:中 安全入札:1,965円 ROI:22.1%
2026-06-04 16:17:53,019 [INFO] [38/42] スーパーファミコン ダウン・ザ・ワールド
2026-06-04 16:18:03,858 [INFO]   売値予測:2,480円 信頼度:中 安全入札:1,650円 ROI:22.5%
2026-06-04 16:18:05,359 [INFO] [39/42] ゲームボーイ リトルマスター2 雷光の騎士
2026-06-04 16:18:15,361 [INFO]   売値予測:2,800円 信頼度:低 安全入札:1,890円 ROI:22.2%
2026-06-04 16:18:16,862 [INFO] [40/42] ゲームボーイ マスターカラテカ
2026-06-04 16:18:26,939 [INFO]   売値予測:1,800円 信頼度:中 安全入札:1,140円 ROI:23.7%
2026-06-04 16:18:28,440 [INFO] [41/42] PS2 湾岸ミッドナイト
2026-06-04 16:18:39,306 [INFO]   売値予測:4,573円 信頼度:中 安全入札:3,221円 ROI:21.3%
2026-06-04 16:18:40,807 [INFO] [42/42] 【おまとめ】 Free/あんさんぶるスターズ/文豪ストレイドッグス/テニスの王子様/プロセ  ⚠️まとめ商品
2026-06-04 16:18:51,167 [INFO]   売値予測:2,666円 信頼度:低 安全入札:1,791円 ROI:22.3%
2026-06-04 16:18:55,088 [INFO] ラクマ Selenium 終了
2026-06-04 16:18:55,090 [INFO] CSV出力: result.csv (42件)
2026-06-04 16:18:55,091 [INFO] 
=== 完了: 42件処理 / 入札候補: 37件 ===
2026-06-04 16:18:55,091 [INFO]   PS2 戦闘国家・改 LEGEND              安全入札:    45円 ROI: 333.3% 信頼度:低
2026-06-04 16:18:55,091 [INFO]   PS2 ゴッドファーザー                   安全入札:   180円 ROI:  83.3% 信頼度:中
2026-06-04 16:18:55,091 [INFO]   PS2 信長の野望・嵐世記 with パワーアップキット   安全入札:   180円 ROI:  83.3% 信頼度:低
2026-06-04 16:18:55,091 [INFO]   スーパーファミコン らんま1/2 町内激闘篇         安全入札:   261円 ROI:  57.5% 信頼度:中
2026-06-04 16:18:55,091 [INFO]   スーパーファミコン らんま1/2 超技乱舞篇         安全入札:   261円 ROI:  57.5% 信頼度:中
2026-06-04 16:18:55,091 [INFO]   スーパーファミコン らんま1/2 爆烈乱闘篇         安全入札:   261円 ROI:  57.5% 信頼度:中
2026-06-04 16:18:55,091 [INFO]   スーパーファミコン スーパーボンバーマン ぱにっくボンバーW 安全入札:   360円 ROI:  41.7% 信頼度:中
2026-06-04 16:18:55,091 [INFO]   PS2 ファイヤープロレスリングZ              安全入札:   540円 ROI:  27.8% 信頼度:中
2026-06-04 16:18:55,091 [INFO]   スーパーファミコン ドラゴンクエストV 天空の花嫁      安全入札:   540円 ROI:  27.8% 信頼度:中
2026-06-04 16:18:55,092 [INFO]   スーパーファミコン 大爆笑!!人生劇場 〜ずっこけサラリーマ 安全入札:   563円 ROI:  27.4% 信頼度:低
